
**** Build of configuration Debug for project Clocked_LEDS ****

"C:\\TI\\ccsv5\\utils\\bin\\gmake" -k all 
'Building file: ../blink.c'
'Invoking: MSP430 Compiler'
"C:/TI/ccsv5/tools/compiler/msp430_4.1.2/bin/cl430" -vmsp --abi=eabi -g --include_path="C:/TI/ccsv5/ccs_base/msp430/include" --include_path="C:/TI/ccsv5/tools/compiler/msp430_4.1.2/include" --advice:power=all --define=__MSP430G2332__ --diag_warning=225 --display_error_number --diag_wrap=off --printf_support=minimal --preproc_with_compile --preproc_dependency="blink.pp"  "../blink.c"
"../blink.c", line 53: warning #112-D: statement is unreachable
'Finished building: ../blink.c'
' '
'Building target: Clocked_LEDS.out'
'Invoking: MSP430 Linker'
"C:/TI/ccsv5/tools/compiler/msp430_4.1.2/bin/cl430" -vmsp --abi=eabi -g --advice:power=all --define=__MSP430G2332__ --diag_warning=225 --display_error_number --diag_wrap=off --printf_support=minimal -z --stack_size=80 -m"Clocked_LEDS.map" --heap_size=80 -i"C:/TI/ccsv5/ccs_base/msp430/include" -i"C:/TI/ccsv5/tools/compiler/msp430_4.1.2/lib" -i"C:/TI/ccsv5/tools/compiler/msp430_4.1.2/include" --reread_libs --warn_sections --display_error_number --diag_wrap=off --rom_model -o "Clocked_LEDS.out"  "./blink.obj" -l"libc.a" "../lnk_msp430g2332.cmd" 
<Linking>
remark #10371-D: (ULP 1.1) Detected no uses of low power mode state changes using LPMx or _bis_SR_register() or __low_power_mode_x() in this project.
"../lnk_msp430g2332.cmd", line 79: warning #10374-D: Interrupt vector "PORT1" does not have an interrupt handler routine.
"../lnk_msp430g2332.cmd", line 80: warning #10374-D: Interrupt vector "PORT2" does not have an interrupt handler routine.
"../lnk_msp430g2332.cmd", line 81: warning #10374-D: Interrupt vector "USI" does not have an interrupt handler routine.
"../lnk_msp430g2332.cmd", line 82: warning #10374-D: Interrupt vector "ADC10" does not have an interrupt handler routine.
"../lnk_msp430g2332.cmd", line 85: warning #10374-D: Interrupt vector "TIMER0_A1" does not have an interrupt handler routine.
"../lnk_msp430g2332.cmd", line 86: warning #10374-D: Interrupt vector "TIMER0_A0" does not have an interrupt handler routine.
"../lnk_msp430g2332.cmd", line 87: warning #10374-D: Interrupt vector "WDT" does not have an interrupt handler routine.
"../lnk_msp430g2332.cmd", line 91: warning #10374-D: Interrupt vector "NMI" does not have an interrupt handler routine.
remark #10372-D: (ULP 4.1) Detected uninitialized Port 2 in this project. Recommend initializing all unused ports to eliminate wasted current consumption on unused pins.
'Finished building target: Clocked_LEDS.out'
' '

**** Build Finished ****
