
**** Build of configuration Debug for project msp430g2xx2_usi_15 ****

"C:\\TI\\ccsv5\\utils\\bin\\gmake" -k all 
'Building file: ../msp430g2xx2_usi_15.c'
'Invoking: MSP430 Compiler'
"C:/TI/ccsv5/tools/compiler/msp430_4.1.2/bin/cl430" -vmsp --abi=eabi -g --include_path="C:/TI/ccsv5/ccs_base/msp430/include" --include_path="C:/TI/ccsv5/tools/compiler/msp430_4.1.2/include" --advice:power=all --define=__MSP430G2332__ --diag_warning=225 --display_error_number --diag_wrap=off --printf_support=minimal --preproc_with_compile --preproc_dependency="msp430g2xx2_usi_15.pp"  "../msp430g2xx2_usi_15.c"
"../msp430g2xx2_usi_15.c", line 107: remark #1527-D: (ULP 2.1) Detected SW delay loop using empty loop. Recommend using a timer module instead
"../msp430g2xx2_usi_15.c", line 199: remark #1538-D: (ULP 10.1) ISR USI_TXRX calls function Data_RX. Recommend moving function call away from ISR, or inlining the function, or using pragmas
"../msp430g2xx2_usi_15.c", line 225: remark #1538-D: (ULP 10.1) ISR USI_TXRX calls function TX_Data. Recommend moving function call away from ISR, or inlining the function, or using pragmas
"../msp430g2xx2_usi_15.c", line 246: remark #1538-D: (ULP 10.1) ISR USI_TXRX calls function TX_Data. Recommend moving function call away from ISR, or inlining the function, or using pragmas
"../msp430g2xx2_usi_15.c", line 81: remark #1535-D: (ULP 8.1) variable "MST_Data" is used as a constant. Recommend declaring variable as either 'static const' or 'const'
"C:\Users\admin\AppData\Local\Temp\0562010", WARNING! at line 481:
 [W0000]
         Section .text:USI_TXRX already has .RETAIN specified - ignoring
           .CLINK directive

		.clink

No Assembly Errors, 1 Assembly Warning
'Finished building: ../msp430g2xx2_usi_15.c'
' '
'Building target: msp430g2xx2_usi_15.out'
'Invoking: MSP430 Linker'
"C:/TI/ccsv5/tools/compiler/msp430_4.1.2/bin/cl430" -vmsp --abi=eabi -g --advice:power=all --define=__MSP430G2332__ --diag_warning=225 --display_error_number --diag_wrap=off --printf_support=minimal -z --stack_size=80 -m"msp430g2xx2_usi_15.map" --heap_size=80 -i"C:/TI/ccsv5/ccs_base/msp430/include" -i"C:/TI/ccsv5/tools/compiler/msp430_4.1.2/lib" -i"C:/TI/ccsv5/tools/compiler/msp430_4.1.2/include" --reread_libs --warn_sections --display_error_number --diag_wrap=off --rom_model -o "msp430g2xx2_usi_15.out"  "./msp430g2xx2_usi_15.obj" -l"libc.a" "../lnk_msp430g2332.cmd" 
<Linking>
"../lnk_msp430g2332.cmd", line 79: warning #10374-D: Interrupt vector "PORT1" does not have an interrupt handler routine.
"../lnk_msp430g2332.cmd", line 80: warning #10374-D: Interrupt vector "PORT2" does not have an interrupt handler routine.
"../lnk_msp430g2332.cmd", line 82: warning #10374-D: Interrupt vector "ADC10" does not have an interrupt handler routine.
"../lnk_msp430g2332.cmd", line 85: warning #10374-D: Interrupt vector "TIMER0_A1" does not have an interrupt handler routine.
"../lnk_msp430g2332.cmd", line 87: warning #10374-D: Interrupt vector "WDT" does not have an interrupt handler routine.
"../lnk_msp430g2332.cmd", line 91: warning #10374-D: Interrupt vector "NMI" does not have an interrupt handler routine.
'Finished building target: msp430g2xx2_usi_15.out'
' '

**** Build Finished ****

**** Build of configuration Debug for project msp430g2xx2_usi_15 ****

"C:\\TI\\ccsv5\\utils\\bin\\gmake" -k all 
gmake: Nothing to be done for `all'.

**** Build Finished ****

**** Build of configuration Debug for project msp430g2xx2_usi_15 ****

"C:\\TI\\ccsv5\\utils\\bin\\gmake" -k all 
'Building file: ../msp430g2xx2_usi_15.c'
'Invoking: MSP430 Compiler'
"C:/TI/ccsv5/tools/compiler/msp430_4.1.2/bin/cl430" -vmsp --abi=eabi -g --include_path="C:/TI/ccsv5/ccs_base/msp430/include" --include_path="C:/TI/ccsv5/tools/compiler/msp430_4.1.2/include" --advice:power=all --define=__MSP430G2332__ --diag_warning=225 --display_error_number --diag_wrap=off --printf_support=minimal --preproc_with_compile --preproc_dependency="msp430g2xx2_usi_15.pp"  "../msp430g2xx2_usi_15.c"
"../msp430g2xx2_usi_15.c", line 107: remark #1527-D: (ULP 2.1) Detected SW delay loop using empty loop. Recommend using a timer module instead
"../msp430g2xx2_usi_15.c", line 199: remark #1538-D: (ULP 10.1) ISR USI_TXRX calls function Data_RX. Recommend moving function call away from ISR, or inlining the function, or using pragmas
"../msp430g2xx2_usi_15.c", line 225: remark #1538-D: (ULP 10.1) ISR USI_TXRX calls function TX_Data. Recommend moving function call away from ISR, or inlining the function, or using pragmas
"../msp430g2xx2_usi_15.c", line 246: remark #1538-D: (ULP 10.1) ISR USI_TXRX calls function TX_Data. Recommend moving function call away from ISR, or inlining the function, or using pragmas
"../msp430g2xx2_usi_15.c", line 81: remark #1535-D: (ULP 8.1) variable "MST_Data" is used as a constant. Recommend declaring variable as either 'static const' or 'const'
"C:\Users\admin\AppData\Local\Temp\0051210", WARNING! at line 481:
 [W0000]
         Section .text:USI_TXRX already has .RETAIN specified - ignoring
           .CLINK directive

		.clink

No Assembly Errors, 1 Assembly Warning
'Finished building: ../msp430g2xx2_usi_15.c'
' '
'Building target: msp430g2xx2_usi_15.out'
'Invoking: MSP430 Linker'
"C:/TI/ccsv5/tools/compiler/msp430_4.1.2/bin/cl430" -vmsp --abi=eabi -g --advice:power=all --define=__MSP430G2332__ --diag_warning=225 --display_error_number --diag_wrap=off --printf_support=minimal -z --stack_size=80 -m"msp430g2xx2_usi_15.map" --heap_size=80 -i"C:/TI/ccsv5/ccs_base/msp430/include" -i"C:/TI/ccsv5/tools/compiler/msp430_4.1.2/lib" -i"C:/TI/ccsv5/tools/compiler/msp430_4.1.2/include" --reread_libs --warn_sections --display_error_number --diag_wrap=off --rom_model -o "msp430g2xx2_usi_15.out"  "./msp430g2xx2_usi_15.obj" -l"libc.a" "../lnk_msp430g2332.cmd" 
<Linking>
"../lnk_msp430g2332.cmd", line 79: warning #10374-D: Interrupt vector "PORT1" does not have an interrupt handler routine.
"../lnk_msp430g2332.cmd", line 80: warning #10374-D: Interrupt vector "PORT2" does not have an interrupt handler routine.
"../lnk_msp430g2332.cmd", line 82: warning #10374-D: Interrupt vector "ADC10" does not have an interrupt handler routine.
"../lnk_msp430g2332.cmd", line 85: warning #10374-D: Interrupt vector "TIMER0_A1" does not have an interrupt handler routine.
"../lnk_msp430g2332.cmd", line 87: warning #10374-D: Interrupt vector "WDT" does not have an interrupt handler routine.
"../lnk_msp430g2332.cmd", line 91: warning #10374-D: Interrupt vector "NMI" does not have an interrupt handler routine.
'Finished building target: msp430g2xx2_usi_15.out'
' '

**** Build Finished ****

**** Build of configuration Debug for project msp430g2xx2_P1_04 ****

"C:\\ti\\ccsv5\\utils\\bin\\gmake" -k all 
'Building file: ../msp430g2xx2_P1_04.c'
'Invoking: MSP430 Compiler'
"C:/ti/ccsv5/tools/compiler/msp430_4.1.5/bin/cl430" -vmsp --abi=eabi -g --include_path="C:/ti/ccsv5/ccs_base/msp430/include" --include_path="C:/ti/ccsv5/tools/compiler/msp430_4.1.5/include" --advice:power=all --define=__MSP430G2332__ --diag_warning=225 --display_error_number --diag_wrap=off --printf_support=minimal --preproc_with_compile --preproc_dependency="msp430g2xx2_P1_04.pp"  "../msp430g2xx2_P1_04.c"
'Finished building: ../msp430g2xx2_P1_04.c'
' '
'Building target: msp430g2xx2_P1_04.out'
'Invoking: MSP430 Linker'
"C:/ti/ccsv5/tools/compiler/msp430_4.1.5/bin/cl430" -vmsp --abi=eabi -g --advice:power=all --define=__MSP430G2332__ --diag_warning=225 --display_error_number --diag_wrap=off --printf_support=minimal -z --stack_size=80 -m"msp430g2xx2_P1_04.map" --heap_size=80 -i"C:/ti/ccsv5/ccs_base/msp430/include" -i"C:/ti/ccsv5/tools/compiler/msp430_4.1.5/lib" -i"C:/ti/ccsv5/tools/compiler/msp430_4.1.5/include" --reread_libs --warn_sections --display_error_number --diag_wrap=off --xml_link_info="msp430g2xx2_P1_04_linkInfo.xml" --rom_model -o "msp430g2xx2_P1_04.out"  "./msp430g2xx2_P1_04.obj" -l"libc.a" "../lnk_msp430g2332.cmd" 
<Linking>
remark #10372-D: (ULP 4.1) Detected uninitialized Port 2 in this project. Recommend initializing all unused ports to eliminate wasted current consumption on unused pins.
'Finished building target: msp430g2xx2_P1_04.out'
' '
"../lnk_msp430g2332.cmd", line 112: warning #10374-D: Interrupt vector "PORT2" does not have an interrupt handler routine.
"../lnk_msp430g2332.cmd", line 113: warning #10374-D: Interrupt vector "USI" does not have an interrupt handler routine.
"../lnk_msp430g2332.cmd", line 114: warning #10374-D: Interrupt vector "ADC10" does not have an interrupt handler routine.
"../lnk_msp430g2332.cmd", line 117: warning #10374-D: Interrupt vector "TIMER0_A1" does not have an interrupt handler routine.
"../lnk_msp430g2332.cmd", line 118: warning #10374-D: Interrupt vector "TIMER0_A0" does not have an interrupt handler routine.
"../lnk_msp430g2332.cmd", line 119: warning #10374-D: Interrupt vector "WDT" does not have an interrupt handler routine.
"../lnk_msp430g2332.cmd", line 123: warning #10374-D: Interrupt vector "NMI" does not have an interrupt handler routine.

**** Build Finished ****

**** Build of configuration Debug for project msp430g2x32_adc10_02 ****

"C:\\ti\\ccsv5\\utils\\bin\\gmake" -k all 
'Building file: ../msp430g2x32_adc10_02.c'
'Invoking: MSP430 Compiler'
"C:/ti/ccsv5/tools/compiler/msp430_4.1.5/bin/cl430" -vmsp --abi=eabi -g --include_path="C:/ti/ccsv5/ccs_base/msp430/include" --include_path="C:/ti/ccsv5/tools/compiler/msp430_4.1.5/include" --advice:power=all --define=__MSP430G2332__ --diag_warning=225 --display_error_number --diag_wrap=off --printf_support=minimal --preproc_with_compile --preproc_dependency="msp430g2x32_adc10_02.pp"  "../msp430g2x32_adc10_02.c"
'Finished building: ../msp430g2x32_adc10_02.c'
' '
'Building target: msp430g2x32_adc10_02.out'
'Invoking: MSP430 Linker'
"C:/ti/ccsv5/tools/compiler/msp430_4.1.5/bin/cl430" -vmsp --abi=eabi -g --advice:power=all --define=__MSP430G2332__ --diag_warning=225 --display_error_number --diag_wrap=off --printf_support=minimal -z --stack_size=80 -m"msp430g2x32_adc10_02.map" --heap_size=80 -i"C:/ti/ccsv5/ccs_base/msp430/include" -i"C:/ti/ccsv5/tools/compiler/msp430_4.1.5/lib" -i"C:/ti/ccsv5/tools/compiler/msp430_4.1.5/include" --reread_libs --warn_sections --display_error_number --diag_wrap=off --xml_link_info="msp430g2x32_adc10_02_linkInfo.xml" --rom_model -o "msp430g2x32_adc10_02.out"  "./msp430g2x32_adc10_02.obj" -l"libc.a" "../lnk_msp430g2332.cmd" 
<Linking>
remark #10372-D: (ULP 4.1) Detected uninitialized Port 2 in this project. Recommend initializing all unused ports to eliminate wasted current consumption on unused pins.
"../lnk_msp430g2332.cmd", line 111: warning #10374-D: Interrupt vector "PORT1" does not have an interrupt handler routine.
"../lnk_msp430g2332.cmd", line 112: warning #10374-D: Interrupt vector "PORT2" does not have an interrupt handler routine.
"../lnk_msp430g2332.cmd", line 113: warning #10374-D: Interrupt vector "USI" does not have an interrupt handler routine.
"../lnk_msp430g2332.cmd", line 117: warning #10374-D: Interrupt vector "TIMER0_A1" does not have an interrupt handler routine.
"../lnk_msp430g2332.cmd", line 119: warning #10374-D: Interrupt vector "WDT" does not have an interrupt handler routine.
"../lnk_msp430g2332.cmd", line 123: warning #10374-D: Interrupt vector "NMI" does not have an interrupt handler routine.
'Finished building target: msp430g2x32_adc10_02.out'
' '

**** Build Finished ****

**** Build of configuration Debug for project msp430g2x32_adc10_02 ****

"C:\\ti\\ccsv5\\utils\\bin\\gmake" -k all 
gmake: Nothing to be done for `all'.

**** Build Finished ****

**** Build of configuration Debug for project msp430g2x32_adc10_02 ****

"C:\\ti\\ccsv5\\utils\\bin\\gmake" -k all 
'Building file: ../msp430g2x32_adc10_02.c'
'Invoking: MSP430 Compiler'
"C:/ti/ccsv5/tools/compiler/msp430_4.1.5/bin/cl430" -vmsp --abi=eabi -g --include_path="C:/ti/ccsv5/ccs_base/msp430/include" --include_path="C:/ti/ccsv5/tools/compiler/msp430_4.1.5/include" --advice:power=all --define=__MSP430G2332__ --diag_warning=225 --display_error_number --diag_wrap=off --printf_support=minimal --preproc_with_compile --preproc_dependency="msp430g2x32_adc10_02.pp"  "../msp430g2x32_adc10_02.c"
'Finished building: ../msp430g2x32_adc10_02.c'
' '
'Building target: msp430g2x32_adc10_02.out'
'Invoking: MSP430 Linker'
"C:/ti/ccsv5/tools/compiler/msp430_4.1.5/bin/cl430" -vmsp --abi=eabi -g --advice:power=all --define=__MSP430G2332__ --diag_warning=225 --display_error_number --diag_wrap=off --printf_support=minimal -z --stack_size=80 -m"msp430g2x32_adc10_02.map" --heap_size=80 -i"C:/ti/ccsv5/ccs_base/msp430/include" -i"C:/ti/ccsv5/tools/compiler/msp430_4.1.5/lib" -i"C:/ti/ccsv5/tools/compiler/msp430_4.1.5/include" --reread_libs --warn_sections --display_error_number --diag_wrap=off --xml_link_info="msp430g2x32_adc10_02_linkInfo.xml" --rom_model -o "msp430g2x32_adc10_02.out"  "./msp430g2x32_adc10_02.obj" -l"libc.a" "../lnk_msp430g2332.cmd" 
<Linking>
remark #10372-D: (ULP 4.1) Detected uninitialized Port 2 in this project. Recommend initializing all unused ports to eliminate wasted current consumption on unused pins.
"../lnk_msp430g2332.cmd", line 111: warning #10374-D: Interrupt vector "PORT1" does not have an interrupt handler routine.
'Finished building target: msp430g2x32_adc10_02.out'
"../lnk_msp430g2332.cmd", line 112: warning #10374-D: Interrupt vector "PORT2" does not have an interrupt handler routine.
' '
"../lnk_msp430g2332.cmd", line 113: warning #10374-D: Interrupt vector "USI" does not have an interrupt handler routine.
"../lnk_msp430g2332.cmd", line 117: warning #10374-D: Interrupt vector "TIMER0_A1" does not have an interrupt handler routine.
"../lnk_msp430g2332.cmd", line 119: warning #10374-D: Interrupt vector "WDT" does not have an interrupt handler routine.
"../lnk_msp430g2332.cmd", line 123: warning #10374-D: Interrupt vector "NMI" does not have an interrupt handler routine.

**** Build Finished ****

**** Build of configuration Debug for project msp430g2x32_adc10_02 ****

"C:\\ti\\ccsv5\\utils\\bin\\gmake" -k all 
gmake: Nothing to be done for `all'.

**** Build Finished ****

**** Build of configuration Debug for project msp430g2x32_adc10_02 ****

"C:\\ti\\ccsv5\\utils\\bin\\gmake" -k all 
gmake: Nothing to be done for `all'.

**** Build Finished ****

**** Build of configuration Debug for project msp430g2x32_adc10_01 ****

"C:\\ti\\ccsv5\\utils\\bin\\gmake" -k all 
'Building file: ../msp430g2x32_adc10_01.c'
'Invoking: MSP430 Compiler'
"C:/ti/ccsv5/tools/compiler/msp430_4.1.5/bin/cl430" -vmsp --abi=eabi -g --include_path="C:/ti/ccsv5/ccs_base/msp430/include" --include_path="C:/ti/ccsv5/tools/compiler/msp430_4.1.5/include" --advice:power=all --define=__MSP430G2332__ --diag_warning=225 --display_error_number --diag_wrap=off --printf_support=minimal --preproc_with_compile --preproc_dependency="msp430g2x32_adc10_01.pp"  "../msp430g2x32_adc10_01.c"
'Finished building: ../msp430g2x32_adc10_01.c'
' '
'Building target: msp430g2x32_adc10_01.out'
'Invoking: MSP430 Linker'
"C:/ti/ccsv5/tools/compiler/msp430_4.1.5/bin/cl430" -vmsp --abi=eabi -g --advice:power=all --define=__MSP430G2332__ --diag_warning=225 --display_error_number --diag_wrap=off --printf_support=minimal -z --stack_size=80 -m"msp430g2x32_adc10_01.map" --heap_size=80 -i"C:/ti/ccsv5/ccs_base/msp430/include" -i"C:/ti/ccsv5/tools/compiler/msp430_4.1.5/lib" -i"C:/ti/ccsv5/tools/compiler/msp430_4.1.5/include" --reread_libs --warn_sections --display_error_number --diag_wrap=off --xml_link_info="msp430g2x32_adc10_01_linkInfo.xml" --rom_model -o "msp430g2x32_adc10_01.out"  "./msp430g2x32_adc10_01.obj" -l"libc.a" "../lnk_msp430g2332.cmd" 
<Linking>
remark #10372-D: (ULP 4.1) Detected uninitialized Port 2 in this project. Recommend initializing all unused ports to eliminate wasted current consumption on unused pins.
"../lnk_msp430g2332.cmd", line 111: warning #10374-D: Interrupt vector "PORT1" does not have an interrupt handler routine.
"../lnk_msp430g2332.cmd", line 112: warning #10374-D: Interrupt vector "PORT2" does not have an interrupt handler routine.
"../lnk_msp430g2332.cmd", line 113: warning #10374-D: Interrupt vector "USI" does not have an interrupt handler routine.
"../lnk_msp430g2332.cmd", line 117: warning #10374-D: Interrupt vector "TIMER0_A1" does not have an interrupt handler routine.
"../lnk_msp430g2332.cmd", line 118: warning #10374-D: Interrupt vector "TIMER0_A0" does not have an interrupt handler routine.
"../lnk_msp430g2332.cmd", line 119: warning #10374-D: Interrupt vector "WDT" does not have an interrupt handler routine.
"../lnk_msp430g2332.cmd", line 123: warning #10374-D: Interrupt vector "NMI" does not have an interrupt handler routine.
'Finished building target: msp430g2x32_adc10_01.out'
' '

**** Build Finished ****

**** Build of configuration Debug for project msp430g2x32_adc10_01 ****

"C:\\ti\\ccsv5\\utils\\bin\\gmake" -k all 
gmake: Nothing to be done for `all'.

**** Build Finished ****

**** Build of configuration Debug for project msp430g2x32_adc10_01 ****

"C:\\ti\\ccsv5\\utils\\bin\\gmake" -k all 
gmake: Nothing to be done for `all'.

**** Build Finished ****

**** Build of configuration Debug for project msp430g2x32_adc10_01 ****

"C:\\ti\\ccsv5\\utils\\bin\\gmake" -k all 
'Building file: ../msp430g2x32_adc10_01.c'
'Invoking: MSP430 Compiler'
"C:/ti/ccsv5/tools/compiler/msp430_4.1.5/bin/cl430" -vmsp --abi=eabi -g --include_path="C:/ti/ccsv5/ccs_base/msp430/include" --include_path="C:/ti/ccsv5/tools/compiler/msp430_4.1.5/include" --advice:power=all --define=__MSP430G2332__ --diag_warning=225 --display_error_number --diag_wrap=off --printf_support=minimal --preproc_with_compile --preproc_dependency="msp430g2x32_adc10_01.pp"  "../msp430g2x32_adc10_01.c"
'Finished building: ../msp430g2x32_adc10_01.c'
' '
'Building target: msp430g2x32_adc10_01.out'
'Invoking: MSP430 Linker'
"C:/ti/ccsv5/tools/compiler/msp430_4.1.5/bin/cl430" -vmsp --abi=eabi -g --advice:power=all --define=__MSP430G2332__ --diag_warning=225 --display_error_number --diag_wrap=off --printf_support=minimal -z --stack_size=80 -m"msp430g2x32_adc10_01.map" --heap_size=80 -i"C:/ti/ccsv5/ccs_base/msp430/include" -i"C:/ti/ccsv5/tools/compiler/msp430_4.1.5/lib" -i"C:/ti/ccsv5/tools/compiler/msp430_4.1.5/include" --reread_libs --warn_sections --display_error_number --diag_wrap=off --xml_link_info="msp430g2x32_adc10_01_linkInfo.xml" --rom_model -o "msp430g2x32_adc10_01.out"  "./msp430g2x32_adc10_01.obj" -l"libc.a" "../lnk_msp430g2332.cmd" 
<Linking>
remark #10372-D: (ULP 4.1) Detected uninitialized Port 2 in this project. Recommend initializing all unused ports to eliminate wasted current consumption on unused pins.
"../lnk_msp430g2332.cmd", line 111: warning #10374-D: Interrupt vector "PORT1" does not have an interrupt handler routine.
"../lnk_msp430g2332.cmd", line 112: warning #10374-D: Interrupt vector "PORT2" does not have an interrupt handler routine.
"../lnk_msp430g2332.cmd", line 113: warning #10374-D: Interrupt vector "USI" does not have an interrupt handler routine.
"../lnk_msp430g2332.cmd", line 117: warning #10374-D: Interrupt vector "TIMER0_A1" does not have an interrupt handler routine.
"../lnk_msp430g2332.cmd", line 118: warning #10374-D: Interrupt vector "TIMER0_A0" does not have an interrupt handler routine.
"../lnk_msp430g2332.cmd", line 119: warning #10374-D: Interrupt vector "WDT" does not have an interrupt handler routine.
"../lnk_msp430g2332.cmd", line 123: warning #10374-D: Interrupt vector "NMI" does not have an interrupt handler routine.
'Finished building target: msp430g2x32_adc10_01.out'
' '

**** Build Finished ****
