
**** Build of configuration Debug for project msp430g2xx2_P1_04 ****

"C:\\ti\\ccsv5\\utils\\bin\\gmake" -k all 
'Building file: ../msp430g2xx2_P1_04.c'
'Invoking: MSP430 Compiler'
"C:/ti/ccsv5/tools/compiler/msp430_4.1.5/bin/cl430" -vmsp --abi=eabi -g --include_path="C:/ti/ccsv5/ccs_base/msp430/include" --include_path="C:/ti/ccsv5/tools/compiler/msp430_4.1.5/include" --advice:power=all --define=__MSP430G2332__ --diag_warning=225 --display_error_number --diag_wrap=off --printf_support=minimal --preproc_with_compile --preproc_dependency="msp430g2xx2_P1_04.pp"  "../msp430g2xx2_P1_04.c"
'Finished building: ../msp430g2xx2_P1_04.c'
' '
'Building target: msp430g2xx2_P1_04.out'
'Invoking: MSP430 Linker'
"C:/ti/ccsv5/tools/compiler/msp430_4.1.5/bin/cl430" -vmsp --abi=eabi -g --advice:power=all --define=__MSP430G2332__ --diag_warning=225 --display_error_number --diag_wrap=off --printf_support=minimal -z --stack_size=80 -m"msp430g2xx2_P1_04.map" --heap_size=80 -i"C:/ti/ccsv5/ccs_base/msp430/include" -i"C:/ti/ccsv5/tools/compiler/msp430_4.1.5/lib" -i"C:/ti/ccsv5/tools/compiler/msp430_4.1.5/include" --reread_libs --warn_sections --display_error_number --diag_wrap=off --xml_link_info="msp430g2xx2_P1_04_linkInfo.xml" --rom_model -o "msp430g2xx2_P1_04.out"  "./msp430g2xx2_P1_04.obj" -l"libc.a" "../lnk_msp430g2332.cmd" 
<Linking>
remark #10372-D: (ULP 4.1) Detected uninitialized Port 2 in this project. Recommend initializing all unused ports to eliminate wasted current consumption on unused pins.
'Finished building target: msp430g2xx2_P1_04.out'
' '
"../lnk_msp430g2332.cmd", line 112: warning #10374-D: Interrupt vector "PORT2" does not have an interrupt handler routine.
"../lnk_msp430g2332.cmd", line 113: warning #10374-D: Interrupt vector "USI" does not have an interrupt handler routine.
"../lnk_msp430g2332.cmd", line 114: warning #10374-D: Interrupt vector "ADC10" does not have an interrupt handler routine.
"../lnk_msp430g2332.cmd", line 117: warning #10374-D: Interrupt vector "TIMER0_A1" does not have an interrupt handler routine.
"../lnk_msp430g2332.cmd", line 118: warning #10374-D: Interrupt vector "TIMER0_A0" does not have an interrupt handler routine.
"../lnk_msp430g2332.cmd", line 119: warning #10374-D: Interrupt vector "WDT" does not have an interrupt handler routine.
"../lnk_msp430g2332.cmd", line 123: warning #10374-D: Interrupt vector "NMI" does not have an interrupt handler routine.

**** Build Finished ****
