
**** Build of configuration Debug for project msp430g2xx3_uscib0_i2c_04 ****

"C:\\TI\\ccsv5\\utils\\bin\\gmake" -k all 
'Building file: ../msp430g2xx3_uscib0_i2c_04.c'
'Invoking: MSP430 Compiler'
"C:/TI/ccsv5/tools/compiler/msp430_4.1.2/bin/cl430" -vmsp --abi=eabi -g --include_path="C:/TI/ccsv5/ccs_base/msp430/include" --include_path="C:/TI/ccsv5/tools/compiler/msp430_4.1.2/include" --advice:power=all --define=__MSP430G2553__ --diag_warning=225 --display_error_number --diag_wrap=off --printf_support=minimal --preproc_with_compile --preproc_dependency="msp430g2xx3_uscib0_i2c_04.pp"  "../msp430g2xx3_uscib0_i2c_04.c"
"../msp430g2xx3_uscib0_i2c_04.c", line 95: remark #1527-D: (ULP 2.1) Detected SW delay loop using empty loop. Recommend using a timer module instead
"../msp430g2xx3_uscib0_i2c_04.c", line 97: remark #1527-D: (ULP 2.1) Detected SW delay loop using empty loop. Recommend using a timer module instead
"../msp430g2xx3_uscib0_i2c_04.c", line 104: remark #1527-D: (ULP 2.1) Detected SW delay loop using empty loop. Recommend using a timer module instead
'Finished building: ../msp430g2xx3_uscib0_i2c_04.c'
' '
'Building target: msp430g2xx3_uscib0_i2c_04.out'
'Invoking: MSP430 Linker'
"C:/TI/ccsv5/tools/compiler/msp430_4.1.2/bin/cl430" -vmsp --abi=eabi -g --advice:power=all --define=__MSP430G2553__ --diag_warning=225 --display_error_number --diag_wrap=off --printf_support=minimal -z --stack_size=80 -m"msp430g2xx3_uscib0_i2c_04.map" --heap_size=80 -i"C:/TI/ccsv5/ccs_base/msp430/include" -i"C:/TI/ccsv5/tools/compiler/msp430_4.1.2/lib" -i"C:/TI/ccsv5/tools/compiler/msp430_4.1.2/include" --reread_libs --warn_sections --display_error_number --diag_wrap=off --rom_model -o "msp430g2xx3_uscib0_i2c_04.out"  "./msp430g2xx3_uscib0_i2c_04.obj" -l"libc.a" "../lnk_msp430g2553.cmd" 
<Linking>
remark #10372-D: (ULP 4.1) Detected uninitialized Port 2 in this project. Recommend initializing all unused ports to eliminate wasted current consumption on unused pins.
remark #10372-D: (ULP 4.1) Detected uninitialized Port 3 in this project. Recommend initializing all unused ports to eliminate wasted current consumption on unused pins.
"../lnk_msp430g2553.cmd", line 79: warning #10374-D: Interrupt vector "PORT1" does not have an interrupt handler routine.
"../lnk_msp430g2553.cmd", line 80: warning #10374-D: Interrupt vector "PORT2" does not have an interrupt handler routine.
"../lnk_msp430g2553.cmd", line 82: warning #10374-D: Interrupt vector "ADC10" does not have an interrupt handler routine.
"../lnk_msp430g2553.cmd", line 84: warning #10374-D: Interrupt vector "USCIAB0RX" does not have an interrupt handler routine.
"../lnk_msp430g2553.cmd", line 85: warning #10374-D: Interrupt vector "TIMER0_A1" does not have an interrupt handler routine.
"../lnk_msp430g2553.cmd", line 86: warning #10374-D: Interrupt vector "TIMER0_A0" does not have an interrupt handler routine.
"../lnk_msp430g2553.cmd", line 87: warning #10374-D: Interrupt vector "WDT" does not have an interrupt handler routine.
"../lnk_msp430g2553.cmd", line 88: warning #10374-D: Interrupt vector "COMPARATORA" does not have an interrupt handler routine.
"../lnk_msp430g2553.cmd", line 89: warning #10374-D: Interrupt vector "TIMER1_A1" does not have an interrupt handler routine.
"../lnk_msp430g2553.cmd", line 90: warning #10374-D: Interrupt vector "TIMER1_A0" does not have an interrupt handler routine.
"../lnk_msp430g2553.cmd", line 91: warning #10374-D: Interrupt vector "NMI" does not have an interrupt handler routine.
'Finished building target: msp430g2xx3_uscib0_i2c_04.out'
' '

**** Build Finished ****
